<?xml version="1.0" encoding="UTF-8"?>
<testsuite name="assignment2.RestaurantTest" tests="8" skipped="0" failures="0" errors="0" timestamp="2019-10-03T08:17:15" hostname="mac-ygong" time="0.007">
  <properties/>
  <testcase name="isOpened" classname="assignment2.RestaurantTest" time="0.002"/>
  <testcase name="getAddress" classname="assignment2.RestaurantTest" time="0.0"/>
  <testcase name="getMenu" classname="assignment2.RestaurantTest" time="0.001"/>
  <testcase name="getName" classname="assignment2.RestaurantTest" time="0.0"/>
  <testcase name="setOpened" classname="assignment2.RestaurantTest" time="0.0"/>
  <testcase name="setAddress" classname="assignment2.RestaurantTest" time="0.0"/>
  <testcase name="setMenu" classname="assignment2.RestaurantTest" time="0.0"/>
  <testcase name="setName" classname="assignment2.RestaurantTest" time="0.0"/>
  <system-out><![CDATA[]]></system-out>
  <system-err><![CDATA[]]></system-err>
</testsuite>
