<?xml version="1.0" encoding="UTF-8"?>
<testsuite name="assignment4.PieceTest" tests="4" skipped="0" failures="0" errors="0" timestamp="2019-10-03T08:17:15" hostname="mac-ygong" time="0.002">
  <properties/>
  <testcase name="getAge" classname="assignment4.PieceTest" time="0.0"/>
  <testcase name="setAge" classname="assignment4.PieceTest" time="0.002"/>
  <testcase name="getName" classname="assignment4.PieceTest" time="0.0"/>
  <testcase name="setName" classname="assignment4.PieceTest" time="0.0"/>
  <system-out><![CDATA[]]></system-out>
  <system-err><![CDATA[]]></system-err>
</testsuite>
