<?xml version="1.0" encoding="UTF-8"?>
<testsuite name="assignment4.SoldierTest" tests="3" skipped="0" failures="0" errors="0" timestamp="2019-10-03T08:17:15" hostname="mac-ygong" time="0.002">
  <properties/>
  <testcase name="desStamina" classname="assignment4.SoldierTest" time="0.001"/>
  <testcase name="getStamina" classname="assignment4.SoldierTest" time="0.0"/>
  <testcase name="addStamina" classname="assignment4.SoldierTest" time="0.0"/>
  <system-out><![CDATA[]]></system-out>
  <system-err><![CDATA[]]></system-err>
</testsuite>
