<?xml version="1.0" encoding="UTF-8"?>
<testsuite name="assignment1.AthleteTest" tests="4" skipped="0" failures="0" errors="0" timestamp="2019-10-03T08:17:14" hostname="mac-ygong" time="0.004">
  <properties/>
  <testcase name="getHeight" classname="assignment1.AthleteTest" time="0.003"/>
  <testcase name="getLeague" classname="assignment1.AthleteTest" time="0.001"/>
  <testcase name="getAthletesName" classname="assignment1.AthleteTest" time="0.0"/>
  <testcase name="getWeight" classname="assignment1.AthleteTest" time="0.0"/>
  <system-out><![CDATA[]]></system-out>
  <system-err><![CDATA[]]></system-err>
</testsuite>
