<?xml version="1.0" encoding="UTF-8"?>
<testsuite name="assignment5.CivilianTest" tests="3" skipped="0" failures="0" errors="0" timestamp="2019-10-03T08:17:15" hostname="mac-ygong" time="0.001">
  <properties/>
  <testcase name="decWealth" classname="assignment5.CivilianTest" time="0.0"/>
  <testcase name="addWealth" classname="assignment5.CivilianTest" time="0.0"/>
  <testcase name="getWealth" classname="assignment5.CivilianTest" time="0.0"/>
  <system-out><![CDATA[]]></system-out>
  <system-err><![CDATA[]]></system-err>
</testsuite>
