<?xml version="1.0" encoding="UTF-8"?>
<testsuite name="assignment1.BaseballPlayerTest" tests="6" skipped="0" failures="0" errors="0" timestamp="2019-10-03T08:17:14" hostname="mac-ygong" time="0.006">
  <properties/>
  <testcase name="setSeasonHomeRuns" classname="assignment1.BaseballPlayerTest" time="0.0"/>
  <testcase name="getSeasonHomeRuns" classname="assignment1.BaseballPlayerTest" time="0.001"/>
  <testcase name="setTeamName" classname="assignment1.BaseballPlayerTest" time="0.0"/>
  <testcase name="setAverageBatting" classname="assignment1.BaseballPlayerTest" time="0.001"/>
  <testcase name="getTeamName" classname="assignment1.BaseballPlayerTest" time="0.001"/>
  <testcase name="getAverageBatting" classname="assignment1.BaseballPlayerTest" time="0.001"/>
  <system-out><![CDATA[]]></system-out>
  <system-err><![CDATA[]]></system-err>
</testsuite>
