<?xml version="1.0" encoding="UTF-8"?>
<testsuite name="assignment3.PosnTest" tests="5" skipped="0" failures="0" errors="0" timestamp="2019-10-03T08:17:15" hostname="mac-ygong" time="0.003">
  <properties/>
  <testcase name="testToString" classname="assignment3.PosnTest" time="0.0"/>
  <testcase name="getX" classname="assignment3.PosnTest" time="0.0"/>
  <testcase name="getY" classname="assignment3.PosnTest" time="0.0"/>
  <testcase name="testHashCode" classname="assignment3.PosnTest" time="0.002"/>
  <testcase name="testEquals" classname="assignment3.PosnTest" time="0.0"/>
  <system-out><![CDATA[]]></system-out>
  <system-err><![CDATA[]]></system-err>
</testsuite>
