<?xml version="1.0" encoding="UTF-8"?>
<testsuite name="assignment1.RunnerTest" tests="6" skipped="0" failures="0" errors="0" timestamp="2019-10-03T08:17:14" hostname="mac-ygong" time="0.002">
  <properties/>
  <testcase name="getScore5K" classname="assignment1.RunnerTest" time="0.001"/>
  <testcase name="setFavEvent" classname="assignment1.RunnerTest" time="0.0"/>
  <testcase name="getFavEvent" classname="assignment1.RunnerTest" time="0.0"/>
  <testcase name="setScoreHalfMarathon" classname="assignment1.RunnerTest" time="0.0"/>
  <testcase name="setScore5K" classname="assignment1.RunnerTest" time="0.0"/>
  <testcase name="getScoreHalfMarathon" classname="assignment1.RunnerTest" time="0.0"/>
  <system-out><![CDATA[]]></system-out>
  <system-err><![CDATA[]]></system-err>
</testsuite>
