<?xml version="1.0" encoding="UTF-8"?>
<testsuite name="assignment1.NameTest" tests="5" skipped="0" failures="0" errors="0" timestamp="2019-10-03T08:17:14" hostname="mac-ygong" time="0.002">
  <properties/>
  <testcase name="getFirstName" classname="assignment1.NameTest" time="0.001"/>
  <testcase name="setLastName" classname="assignment1.NameTest" time="0.0"/>
  <testcase name="getLastName" classname="assignment1.NameTest" time="0.001"/>
  <testcase name="testEquals" classname="assignment1.NameTest" time="0.0"/>
  <testcase name="setFirstName" classname="assignment1.NameTest" time="0.0"/>
  <system-out><![CDATA[]]></system-out>
  <system-err><![CDATA[]]></system-err>
</testsuite>
